Using pre-set license
Built from '2020.3/staging' branch; Version is '2020.3.20f1 (41c4e627c95f) revision 4310246'; Using compiler version '192528614'; Build Type 'Release'
OS: 'Windows 10 Home; OS build 19043.1288; Version 2009; 64bit' Language: 'pl' Physical Memory: 16335 MB
BatchMode: 1, IsHumanControllingUs: 0, StartBugReporterOnCrash: 0, Is64bit: 1, IsPro: 0

COMMAND LINE ARGUMENTS:
D:\gra\2020.3.20f1\Editor\Unity.exe
-adb2
-batchMode
-noUpm
-name
AssetImportWorker0
-projectPath
D:/gra/Run to the end/Run to the end
-logFile
Logs/AssetImportWorker0.log
-srvPort
58718
Successfully changed project path to: D:/gra/Run to the end/Run to the end
D:/gra/Run to the end/Run to the end
Using Asset Import Pipeline V2.
Refreshing native plugins compatible for Editor in 97.82 ms, found 3 plugins.
Preloading 0 native plugins for Editor in 0.00 ms.
Initialize engine version: 2020.3.20f1 (41c4e627c95f)
[Subsystems] Discovering subsystems at path D:/gra/2020.3.20f1/Editor/Data/Resources/UnitySubsystems
[Subsystems] Discovering subsystems at path D:/gra/Run to the end/Run to the end/Assets
GfxDevice: creating device client; threaded=0
Direct3D:
    Version:  Direct3D 11.0 [level 11.1]
    Renderer: Radeon RX 580 Series (ID=0x67df)
    Vendor:   
    VRAM:     8171 MB
    Driver:   30.0.13025.1000
Initialize mono
Mono path[0] = 'D:/gra/2020.3.20f1/Editor/Data/Managed'
Mono path[1] = 'D:/gra/2020.3.20f1/Editor/Data/MonoBleedingEdge/lib/mono/unityjit'
Mono config path = 'D:/gra/2020.3.20f1/Editor/Data/MonoBleedingEdge/etc'
Using monoOptions --debugger-agent=transport=dt_socket,embedding=1,server=y,suspend=n,address=127.0.0.1:56852
Begin MonoManager ReloadAssembly
Registering precompiled unity dll's ...
Register platform support module: D:/gra/2020.3.20f1/Editor/Data/PlaybackEngines/WindowsStandaloneSupport/UnityEditor.WindowsStandalone.Extensions.dll
Registered in 0.001686 seconds.
Native extension for WindowsStandalone target not found
Refreshing native plugins compatible for Editor in 64.72 ms, found 3 plugins.
Preloading 0 native plugins for Editor in 0.00 ms.
Mono: successfully reloaded assembly
- Completed reload, in  4.381 seconds
Domain Reload Profiling:
	ReloadAssembly (4382ms)
		BeginReloadAssembly (77ms)
			ExecutionOrderSort (0ms)
			DisableScriptedObjects (0ms)
			BackupInstance (0ms)
			ReleaseScriptingObjects (0ms)
			CreateAndSetChildDomain (1ms)
		EndReloadAssembly (477ms)
			LoadAssemblies (76ms)
			RebuildTransferFunctionScriptingTraits (0ms)
			SetupTypeCache (159ms)
			ReleaseScriptCaches (0ms)
			RebuildScriptCaches (32ms)
			SetupLoadedEditorAssemblies (198ms)
				LogAssemblyErrors (0ms)
				InitializePlatformSupportModulesInManaged (4ms)
				SetLoadedEditorAssemblies (0ms)
				RefreshPlugins (65ms)
				BeforeProcessingInitializeOnLoad (14ms)
				ProcessInitializeOnLoadAttributes (85ms)
				ProcessInitializeOnLoadMethodAttributes (29ms)
				AfterProcessingInitializeOnLoad (0ms)
				EditorAssembliesLoaded (0ms)
			ExecutionOrderSort2 (0ms)
			AwakeInstancesAfterBackupRestoration (0ms)
Platform modules already initialized, skipping
Registering precompiled user dll's ...
Registered in 0.022962 seconds.
Begin MonoManager ReloadAssembly
Native extension for WindowsStandalone target not found
Refreshing native plugins compatible for Editor in 64.36 ms, found 3 plugins.
Preloading 0 native plugins for Editor in 0.00 ms.
Mono: successfully reloaded assembly
- Completed reload, in  1.517 seconds
Domain Reload Profiling:
	ReloadAssembly (1518ms)
		BeginReloadAssembly (174ms)
			ExecutionOrderSort (0ms)
			DisableScriptedObjects (5ms)
			BackupInstance (0ms)
			ReleaseScriptingObjects (0ms)
			CreateAndSetChildDomain (19ms)
		EndReloadAssembly (1277ms)
			LoadAssemblies (169ms)
			RebuildTransferFunctionScriptingTraits (0ms)
			SetupTypeCache (420ms)
			ReleaseScriptCaches (1ms)
			RebuildScriptCaches (56ms)
			SetupLoadedEditorAssemblies (433ms)
				LogAssemblyErrors (0ms)
				InitializePlatformSupportModulesInManaged (4ms)
				SetLoadedEditorAssemblies (0ms)
				RefreshPlugins (64ms)
				BeforeProcessingInitializeOnLoad (80ms)
				ProcessInitializeOnLoadAttributes (196ms)
				ProcessInitializeOnLoadMethodAttributes (84ms)
				AfterProcessingInitializeOnLoad (4ms)
				EditorAssembliesLoaded (0ms)
			ExecutionOrderSort2 (0ms)
			AwakeInstancesAfterBackupRestoration (7ms)
Platform modules already initialized, skipping
========================================================================
Worker process is ready to serve import requests
Launched and connected shader compiler UnityShaderCompiler.exe after 0.07 seconds
Refreshing native plugins compatible for Editor in 1.36 ms, found 3 plugins.
Preloading 0 native plugins for Editor in 0.00 ms.
Unloading 2907 Unused Serialized files (Serialized files now loaded: 0)
System memory in use before: 133.2 MB.
System memory in use after: 133.4 MB.

Unloading 123 unused Assets to reduce memory usage. Loaded Objects now: 3348.
Total: 3.840300 ms (FindLiveObjects: 0.315200 ms CreateObjectMapping: 0.079800 ms MarkObjects: 3.337500 ms  DeleteObjects: 0.106600 ms)

AssetImportParameters requested are different than current active one (requested -> active):
  custom:framework-win-MediaFoundation: 216162199b28c13a410421893ffa2e32 -> 
  custom:video-decoder-ogg-theora: a1e56fd34408186e4bbccfd4996cb3dc -> 
  custom:container-muxer-webm: aa71ff27fc2769a1b78a27578f13a17b -> 
  custom:container-demuxer-webm: 4f35f7cbe854078d1ac9338744f61a02 -> 
  custom:container-demuxer-ogg: 62fdf1f143b41e24485cea50d1cbac27 -> 
  custom:video-encoder-webm-vp8: eb34c28f22e8b96e1ab97ce403110664 -> 
  custom:video-decoder-webm-vp8: 9c59270c3fd7afecdb556c50c9e8de78 -> 
  custom:audio-decoder-ogg-vorbis: bf7c407c2cedff20999df2af8eb42d56 -> 
  custom:audio-encoder-webm-vorbis: bf7c407c2cedff20999df2af8eb42d56 -> 
========================================================================
Received Import Request.
  path: Assets/AndroidAPI/Plugins/Android
  artifactKey: Guid(797468aee5c80aa438f42740898988a4) Importer(815301076,1909f56bfc062723c751e8b465ee728b)
Start importing Assets/AndroidAPI/Plugins/Android using Guid(797468aee5c80aa438f42740898988a4) Importer(815301076,1909f56bfc062723c751e8b465ee728b)  -> (artifact id: '57ae80abd09d97b528c78ce27b0f485d') in 0.012516 seconds 
  Import took 0.017720 seconds .

========================================================================
Received Import Request.
  Time since last request: 0.000224 seconds.
  path: Assets/Ludiq
  artifactKey: Guid(1f1c25471478ca44a9cb263d6a501f6a) Importer(815301076,1909f56bfc062723c751e8b465ee728b)
Start importing Assets/Ludiq using Guid(1f1c25471478ca44a9cb263d6a501f6a) Importer(815301076,1909f56bfc062723c751e8b465ee728b)  -> (artifact id: 'c86e26e2af44949a1770a81b7dacd53c') in 0.007689 seconds 
  Import took 0.013127 seconds .

========================================================================
Received Import Request.
  Time since last request: 0.000268 seconds.
  path: Assets/AndroidAPI
  artifactKey: Guid(3fa29a00568667340bb4340e78f6cccb) Importer(815301076,1909f56bfc062723c751e8b465ee728b)
Start importing Assets/AndroidAPI using Guid(3fa29a00568667340bb4340e78f6cccb) Importer(815301076,1909f56bfc062723c751e8b465ee728b)  -> (artifact id: 'a23a45177fd819a9e8121b6e5d718bd3') in 0.008057 seconds 
  Import took 0.014103 seconds .

========================================================================
Received Import Request.
  Time since last request: 0.000305 seconds.
  path: Assets/AndroidAPI/Plugins
  artifactKey: Guid(0a073015134688149a350ff37d375ab0) Importer(815301076,1909f56bfc062723c751e8b465ee728b)
Start importing Assets/AndroidAPI/Plugins using Guid(0a073015134688149a350ff37d375ab0) Importer(815301076,1909f56bfc062723c751e8b465ee728b)  -> (artifact id: 'd0a7def18a8fb3bce6d384ca89246311') in 0.007561 seconds 
  Import took 0.012940 seconds .

========================================================================
Received Import Request.
  Time since last request: 3.469648 seconds.
  path: Assets/ExternalDependencyManager
  artifactKey: Guid(aca3cae7d7f98214ebffb5ac104a8bc2) Importer(815301076,1909f56bfc062723c751e8b465ee728b)
Start importing Assets/ExternalDependencyManager using Guid(aca3cae7d7f98214ebffb5ac104a8bc2) Importer(815301076,1909f56bfc062723c751e8b465ee728b)  -> (artifact id: '6e4d9739b30e24318c299ef21baef95d') in 0.007150 seconds 
  Import took 0.012468 seconds .

========================================================================
Received Import Request.
  Time since last request: 1.118916 seconds.
  path: Assets/ExternalDependencyManager/Editor
  artifactKey: Guid(356c7ffcb1f5fab4894e66ca64c3d5b6) Importer(815301076,1909f56bfc062723c751e8b465ee728b)
Start importing Assets/ExternalDependencyManager/Editor using Guid(356c7ffcb1f5fab4894e66ca64c3d5b6) Importer(815301076,1909f56bfc062723c751e8b465ee728b)  -> (artifact id: '926e73460c435c2384222f82c8180814') in 0.007475 seconds 
  Import took 0.012794 seconds .

========================================================================
Received Import Request.
  Time since last request: 9.276597 seconds.
  path: Assets/Plugins/backupAndroid
  artifactKey: Guid(ee5a3bbc74e10624ca6b241d7eec528d) Importer(815301076,1909f56bfc062723c751e8b465ee728b)
Start importing Assets/Plugins/backupAndroid using Guid(ee5a3bbc74e10624ca6b241d7eec528d) Importer(815301076,1909f56bfc062723c751e8b465ee728b)  -> (artifact id: '0851b3b602058a586a2601c8dfddf45e') in 0.007636 seconds 
  Import took 0.012269 seconds .

========================================================================
Received Import Request.
  Time since last request: 2.040891 seconds.
  path: Assets/Plugins/Android
  artifactKey: Guid(5db0a3acac42e8b4ea54f078f205b300) Importer(815301076,1909f56bfc062723c751e8b465ee728b)
Start importing Assets/Plugins/Android using Guid(5db0a3acac42e8b4ea54f078f205b300) Importer(815301076,1909f56bfc062723c751e8b465ee728b)  -> (artifact id: '52cc829d8934bd25f928762cb1e1bca4') in 0.003443 seconds 
  Import took 0.009752 seconds .

========================================================================
Received Import Request.
  Time since last request: 1.648619 seconds.
  path: Assets/Plugins/Android/GoogleMobileAdsPlugin.androidlib
  artifactKey: Guid(8e3ac0fa819f2a6419d8f994a6baee33) Importer(815301076,1909f56bfc062723c751e8b465ee728b)
Start importing Assets/Plugins/Android/GoogleMobileAdsPlugin.androidlib using Guid(8e3ac0fa819f2a6419d8f994a6baee33) Importer(815301076,1909f56bfc062723c751e8b465ee728b)  -> (artifact id: '0abea446fda36e537824e3a0132721bf') in 0.007377 seconds 
  Import took 0.012405 seconds .

========================================================================
Received Import Request.
  Time since last request: 19.399173 seconds.
  path: Assets/GoogleMobileAds
  artifactKey: Guid(e868a3161fb6a12448473943c4b26cf5) Importer(815301076,1909f56bfc062723c751e8b465ee728b)
Start importing Assets/GoogleMobileAds using Guid(e868a3161fb6a12448473943c4b26cf5) Importer(815301076,1909f56bfc062723c751e8b465ee728b)  -> (artifact id: 'a4742bc172641a78aaabdb4190c69d55') in 0.007235 seconds 
  Import took 0.012815 seconds .

========================================================================
Received Prepare
Refreshing native plugins compatible for Editor in 33.07 ms, found 3 plugins.
Preloading 0 native plugins for Editor in 0.00 ms.
Unloading 116 Unused Serialized files (Serialized files now loaded: 0)
System memory in use before: 72.0 MB.
System memory in use after: 72.2 MB.

Unloading 116 unused Assets to reduce memory usage. Loaded Objects now: 3348.
Total: 4.279800 ms (FindLiveObjects: 0.323800 ms CreateObjectMapping: 0.082000 ms MarkObjects: 3.822600 ms  DeleteObjects: 0.050500 ms)

AssetImportParameters requested are different than current active one (requested -> active):
  custom:framework-win-MediaFoundation: 216162199b28c13a410421893ffa2e32 -> 
  custom:video-decoder-ogg-theora: a1e56fd34408186e4bbccfd4996cb3dc -> 
  custom:container-muxer-webm: aa71ff27fc2769a1b78a27578f13a17b -> 
  custom:container-demuxer-webm: 4f35f7cbe854078d1ac9338744f61a02 -> 
  custom:container-demuxer-ogg: 62fdf1f143b41e24485cea50d1cbac27 -> 
  custom:video-encoder-webm-vp8: eb34c28f22e8b96e1ab97ce403110664 -> 
  custom:video-decoder-webm-vp8: 9c59270c3fd7afecdb556c50c9e8de78 -> 
  custom:audio-decoder-ogg-vorbis: bf7c407c2cedff20999df2af8eb42d56 -> 
  custom:audio-encoder-webm-vorbis: bf7c407c2cedff20999df2af8eb42d56 -> 
========================================================================
Received Import Request.
  Time since last request: 497.805295 seconds.
  path: Assets/AndroidAPI/C# For example
  artifactKey: Guid(b0e62b37034f8bc4ab475ceb0559547f) Importer(815301076,1909f56bfc062723c751e8b465ee728b)
Start importing Assets/AndroidAPI/C# For example using Guid(b0e62b37034f8bc4ab475ceb0559547f) Importer(815301076,1909f56bfc062723c751e8b465ee728b)  -> (artifact id: 'ffa10a1b9a4a1063035bd41b74a6df6d') in 0.007407 seconds 
  Import took 0.012638 seconds .

========================================================================
Received Import Request.
  Time since last request: 2.601959 seconds.
  path: Assets/AndroidAPI/Class
  artifactKey: Guid(5cf64471c922ef1479dd541ff19dff61) Importer(815301076,1909f56bfc062723c751e8b465ee728b)
Start importing Assets/AndroidAPI/Class using Guid(5cf64471c922ef1479dd541ff19dff61) Importer(815301076,1909f56bfc062723c751e8b465ee728b)  -> (artifact id: '98d1c74177c19e2a218cffd621033a9b') in 0.007307 seconds 
  Import took 0.013071 seconds .

========================================================================
Received Import Request.
  Time since last request: 1.041340 seconds.
  path: Assets/AndroidAPI/Scene
  artifactKey: Guid(d37d6534e7ef67a4b916899a092c6f0f) Importer(815301076,1909f56bfc062723c751e8b465ee728b)
Start importing Assets/AndroidAPI/Scene using Guid(d37d6534e7ef67a4b916899a092c6f0f) Importer(815301076,1909f56bfc062723c751e8b465ee728b)  -> (artifact id: '5a1037f3fbcf9e7bdf6e72c213dfb81d') in 0.007455 seconds 
  Import took 0.013459 seconds .

========================================================================
Received Prepare
Refreshing native plugins compatible for Editor in 13.65 ms, found 3 plugins.
Preloading 0 native plugins for Editor in 0.00 ms.
Unloading 47 Unused Serialized files (Serialized files now loaded: 0)
System memory in use before: 70.1 MB.
System memory in use after: 70.4 MB.

Unloading 47 unused Assets to reduce memory usage. Loaded Objects now: 3348.
Total: 4.200800 ms (FindLiveObjects: 0.311500 ms CreateObjectMapping: 0.078600 ms MarkObjects: 3.775100 ms  DeleteObjects: 0.034700 ms)

AssetImportParameters requested are different than current active one (requested -> active):
  custom:framework-win-MediaFoundation: 216162199b28c13a410421893ffa2e32 -> 
  custom:video-decoder-ogg-theora: a1e56fd34408186e4bbccfd4996cb3dc -> 
  custom:container-muxer-webm: aa71ff27fc2769a1b78a27578f13a17b -> 
  custom:container-demuxer-webm: 4f35f7cbe854078d1ac9338744f61a02 -> 
  custom:container-demuxer-ogg: 62fdf1f143b41e24485cea50d1cbac27 -> 
  custom:video-encoder-webm-vp8: eb34c28f22e8b96e1ab97ce403110664 -> 
  custom:video-decoder-webm-vp8: 9c59270c3fd7afecdb556c50c9e8de78 -> 
  custom:audio-decoder-ogg-vorbis: bf7c407c2cedff20999df2af8eb42d56 -> 
  custom:audio-encoder-webm-vorbis: bf7c407c2cedff20999df2af8eb42d56 -> 
AssetImportWorkerClient::OnTransportError - code=2 error=End of file
